android/app/build/intermediates/manifest_merge_blame_file/release/processReleaseMainManifest/manifest-merger-blame-release-report.txt
1<?xml version="1.0" encoding="utf-8"?>
2<manifest xmlns:android="http://schemas.android.com/apk/res/android"
3    package="com.kidscallhome.app"
4    android:versionCode="1"
5    android:versionName="1.0" >
6
7    <uses-sdk
8        android:minSdkVersion="22"
9        android:targetSdkVersion="35" />
10
11    <!-- Core permissions -->
12    <uses-permission android:name="android.permission.INTERNET" />
12-->src\main\AndroidManifest.xml:6:5-67
12-->src\main\AndroidManifest.xml:6:22-64
13    <uses-permission android:name="android.permission.ACCESS_NETWORK_STATE" />
13-->src\main\AndroidManifest.xml:7:5-79
13-->src\main\AndroidManifest.xml:7:22-76
14
15    <!-- WebRTC / video calling -->
16    <uses-permission android:name="android.permission.CAMERA" />
16-->src\main\AndroidManifest.xml:10:5-65
16-->src\main\AndroidManifest.xml:10:22-62
17    <uses-permission android:name="android.permission.RECORD_AUDIO" />
17-->src\main\AndroidManifest.xml:11:5-71
17-->src\main\AndroidManifest.xml:11:22-68
18    <uses-permission android:name="android.permission.MODIFY_AUDIO_SETTINGS" />
18-->src\main\AndroidManifest.xml:12:5-80
18-->src\main\AndroidManifest.xml:12:22-77
19    <uses-permission android:name="android.permission.WAKE_LOCK" />
19-->src\main\AndroidManifest.xml:13:5-68
19-->src\main\AndroidManifest.xml:13:22-65
20
21    <!-- Optional but common for calls / notifications -->
22    <uses-permission android:name="android.permission.VIBRATE" />
22-->src\main\AndroidManifest.xml:16:5-66
22-->src\main\AndroidManifest.xml:16:22-63
23    <uses-permission android:name="android.permission.RECEIVE_BOOT_COMPLETED" />
23-->[:capacitor-local-notifications] AndroidManifest.xml:7:5-81
23-->[:capacitor-local-notifications] AndroidManifest.xml:7:22-78
24    <uses-permission android:name="android.permission.POST_NOTIFICATIONS" /> <!-- Required by older versions of Google Play services to create IID tokens -->
24-->[:capacitor-local-notifications] AndroidManifest.xml:9:5-77
24-->[:capacitor-local-notifications] AndroidManifest.xml:9:22-74
25    <uses-permission android:name="com.google.android.c2dm.permission.RECEIVE" />
25-->[com.google.firebase:firebase-messaging:23.3.1] AndroidManifest.xml:26:5-82
25-->[com.google.firebase:firebase-messaging:23.3.1] AndroidManifest.xml:26:22-79
26
27    <permission
27-->[androidx.core:core:1.12.0] AndroidManifest.xml:22:5-24:47
28        android:name="com.kidscallhome.app.DYNAMIC_RECEIVER_NOT_EXPORTED_PERMISSION"
28-->[androidx.core:core:1.12.0] AndroidManifest.xml:23:9-81
29        android:protectionLevel="signature" />
29-->[androidx.core:core:1.12.0] AndroidManifest.xml:24:9-44
30
31    <uses-permission android:name="com.kidscallhome.app.DYNAMIC_RECEIVER_NOT_EXPORTED_PERMISSION" />
31-->[androidx.core:core:1.12.0] AndroidManifest.xml:26:5-97
31-->[androidx.core:core:1.12.0] AndroidManifest.xml:26:22-94
32
33    <application
33-->src\main\AndroidManifest.xml:22:5-58:19
34        android:name="com.kidscallhome.app.MainApplication"
34-->src\main\AndroidManifest.xml:23:9-40
35        android:allowBackup="true"
35-->src\main\AndroidManifest.xml:24:9-35
36        android:appComponentFactory="androidx.core.app.CoreComponentFactory"
36-->[androidx.core:core:1.12.0] AndroidManifest.xml:28:18-86
37        android:extractNativeLibs="true"
38        android:icon="@mipmap/ic_launcher"
38-->src\main\AndroidManifest.xml:25:9-43
39        android:label="@string/app_name"
39-->src\main\AndroidManifest.xml:26:9-41
40        android:roundIcon="@mipmap/ic_launcher_round"
40-->src\main\AndroidManifest.xml:27:9-54
41        android:supportsRtl="true"
41-->src\main\AndroidManifest.xml:28:9-35
42        android:theme="@style/AppTheme"
42-->src\main\AndroidManifest.xml:30:9-40
43        android:usesCleartextTraffic="true" >
43-->src\main\AndroidManifest.xml:29:9-44
44        <activity
44-->src\main\AndroidManifest.xml:32:9-45:20
45            android:name="com.kidscallhome.app.MainActivity"
45-->src\main\AndroidManifest.xml:33:13-61
46            android:configChanges="orientation|keyboardHidden|keyboard|screenSize|locale|layoutDirection|fontScale|screenLayout|density|uiMode"
46-->src\main\AndroidManifest.xml:37:13-144
47            android:exported="true"
47-->src\main\AndroidManifest.xml:34:13-36
48            android:launchMode="singleTask"
48-->src\main\AndroidManifest.xml:35:13-44
49            android:screenOrientation="portrait"
49-->src\main\AndroidManifest.xml:36:13-49
50            android:windowSoftInputMode="adjustResize" >
50-->src\main\AndroidManifest.xml:38:13-55
51            <intent-filter>
51-->src\main\AndroidManifest.xml:40:13-43:29
52                <action android:name="android.intent.action.MAIN" />
52-->src\main\AndroidManifest.xml:41:17-69
52-->src\main\AndroidManifest.xml:41:25-66
53
54                <category android:name="android.intent.category.LAUNCHER" />
54-->src\main\AndroidManifest.xml:42:17-77
54-->src\main\AndroidManifest.xml:42:27-74
55            </intent-filter>
56        </activity>
57
58        <!-- Needed for file sharing / camera capture in many Capacitor setups -->
59        <provider
60            android:name="androidx.core.content.FileProvider"
60-->src\main\AndroidManifest.xml:49:13-62
61            android:authorities="com.kidscallhome.app.fileprovider"
61-->src\main\AndroidManifest.xml:50:13-64
62            android:exported="false"
62-->src\main\AndroidManifest.xml:51:13-37
63            android:grantUriPermissions="true" >
63-->src\main\AndroidManifest.xml:52:13-47
64            <meta-data
64-->src\main\AndroidManifest.xml:53:13-55:54
65                android:name="android.support.FILE_PROVIDER_PATHS"
65-->src\main\AndroidManifest.xml:54:17-67
66                android:resource="@xml/file_paths" />
66-->src\main\AndroidManifest.xml:55:17-51
67        </provider>
68
69        <receiver android:name="com.capacitorjs.plugins.localnotifications.TimedNotificationPublisher" />
69-->[:capacitor-local-notifications] AndroidManifest.xml:12:9-106
69-->[:capacitor-local-notifications] AndroidManifest.xml:12:19-103
70        <receiver android:name="com.capacitorjs.plugins.localnotifications.NotificationDismissReceiver" />
70-->[:capacitor-local-notifications] AndroidManifest.xml:13:9-107
70-->[:capacitor-local-notifications] AndroidManifest.xml:13:19-104
71        <receiver
71-->[:capacitor-local-notifications] AndroidManifest.xml:14:9-23:20
72            android:name="com.capacitorjs.plugins.localnotifications.LocalNotificationRestoreReceiver"
72-->[:capacitor-local-notifications] AndroidManifest.xml:15:13-103
73            android:directBootAware="true"
73-->[:capacitor-local-notifications] AndroidManifest.xml:16:13-43
74            android:exported="false" >
74-->[:capacitor-local-notifications] AndroidManifest.xml:17:13-37
75            <intent-filter>
75-->[:capacitor-local-notifications] AndroidManifest.xml:18:13-22:29
76                <action android:name="android.intent.action.LOCKED_BOOT_COMPLETED" />
76-->[:capacitor-local-notifications] AndroidManifest.xml:19:17-86
76-->[:capacitor-local-notifications] AndroidManifest.xml:19:25-83
77                <action android:name="android.intent.action.BOOT_COMPLETED" />
77-->[:capacitor-local-notifications] AndroidManifest.xml:20:17-79
77-->[:capacitor-local-notifications] AndroidManifest.xml:20:25-76
78                <action android:name="android.intent.action.QUICKBOOT_POWERON" />
78-->[:capacitor-local-notifications] AndroidManifest.xml:21:17-82
78-->[:capacitor-local-notifications] AndroidManifest.xml:21:25-79
79            </intent-filter>
80        </receiver>
81
82        <service
82-->[:capacitor-push-notifications] AndroidManifest.xml:8:9-14:19
83            android:name="com.capacitorjs.plugins.pushnotifications.MessagingService"
83-->[:capacitor-push-notifications] AndroidManifest.xml:9:13-86
84            android:exported="false" >
84-->[:capacitor-push-notifications] AndroidManifest.xml:10:13-37
85            <intent-filter>
85-->[:capacitor-push-notifications] AndroidManifest.xml:11:13-13:29
86                <action android:name="com.google.firebase.MESSAGING_EVENT" />
86-->[:capacitor-push-notifications] AndroidManifest.xml:12:17-78
86-->[:capacitor-push-notifications] AndroidManifest.xml:12:25-75
87            </intent-filter>
88        </service>
89
90        <receiver
90-->[com.google.firebase:firebase-messaging:23.3.1] AndroidManifest.xml:29:9-40:20
91            android:name="com.google.firebase.iid.FirebaseInstanceIdReceiver"
91-->[com.google.firebase:firebase-messaging:23.3.1] AndroidManifest.xml:30:13-78
92            android:exported="true"
92-->[com.google.firebase:firebase-messaging:23.3.1] AndroidManifest.xml:31:13-36
93            android:permission="com.google.android.c2dm.permission.SEND" >
93-->[com.google.firebase:firebase-messaging:23.3.1] AndroidManifest.xml:32:13-73
94            <intent-filter>
94-->[com.google.firebase:firebase-messaging:23.3.1] AndroidManifest.xml:33:13-35:29
95                <action android:name="com.google.android.c2dm.intent.RECEIVE" />
95-->[com.google.firebase:firebase-messaging:23.3.1] AndroidManifest.xml:34:17-81
95-->[com.google.firebase:firebase-messaging:23.3.1] AndroidManifest.xml:34:25-78
96            </intent-filter>
97
98            <meta-data
98-->[com.google.firebase:firebase-messaging:23.3.1] AndroidManifest.xml:37:13-39:40
99                android:name="com.google.android.gms.cloudmessaging.FINISHED_AFTER_HANDLED"
99-->[com.google.firebase:firebase-messaging:23.3.1] AndroidManifest.xml:38:17-92
100                android:value="true" />
100-->[com.google.firebase:firebase-messaging:23.3.1] AndroidManifest.xml:39:17-37
101        </receiver>
102        <!--
103             FirebaseMessagingService performs security checks at runtime,
104             but set to not exported to explicitly avoid allowing another app to call it.
105        -->
106        <service
106-->[com.google.firebase:firebase-messaging:23.3.1] AndroidManifest.xml:46:9-53:19
107            android:name="com.google.firebase.messaging.FirebaseMessagingService"
107-->[com.google.firebase:firebase-messaging:23.3.1] AndroidManifest.xml:47:13-82
108            android:directBootAware="true"
108-->[com.google.firebase:firebase-messaging:23.3.1] AndroidManifest.xml:48:13-43
109            android:exported="false" >
109-->[com.google.firebase:firebase-messaging:23.3.1] AndroidManifest.xml:49:13-37
110            <intent-filter android:priority="-500" >
110-->[:capacitor-push-notifications] AndroidManifest.xml:11:13-13:29
111                <action android:name="com.google.firebase.MESSAGING_EVENT" />
111-->[:capacitor-push-notifications] AndroidManifest.xml:12:17-78
111-->[:capacitor-push-notifications] AndroidManifest.xml:12:25-75
112            </intent-filter>
113        </service>
114        <service
114-->[com.google.firebase:firebase-messaging:23.3.1] AndroidManifest.xml:54:9-63:19
115            android:name="com.google.firebase.components.ComponentDiscoveryService"
115-->[com.google.firebase:firebase-messaging:23.3.1] AndroidManifest.xml:55:13-84
116            android:directBootAware="true"
116-->[com.google.firebase:firebase-common:20.4.2] AndroidManifest.xml:32:13-43
117            android:exported="false" >
117-->[com.google.firebase:firebase-messaging:23.3.1] AndroidManifest.xml:56:13-37
118            <meta-data
118-->[com.google.firebase:firebase-messaging:23.3.1] AndroidManifest.xml:57:13-59:85
119                android:name="com.google.firebase.components:com.google.firebase.messaging.FirebaseMessagingKtxRegistrar"
119-->[com.google.firebase:firebase-messaging:23.3.1] AndroidManifest.xml:58:17-122
120                android:value="com.google.firebase.components.ComponentRegistrar" />
120-->[com.google.firebase:firebase-messaging:23.3.1] AndroidManifest.xml:59:17-82
121            <meta-data
121-->[com.google.firebase:firebase-messaging:23.3.1] AndroidManifest.xml:60:13-62:85
122                android:name="com.google.firebase.components:com.google.firebase.messaging.FirebaseMessagingRegistrar"
122-->[com.google.firebase:firebase-messaging:23.3.1] AndroidManifest.xml:61:17-119
123                android:value="com.google.firebase.components.ComponentRegistrar" />
123-->[com.google.firebase:firebase-messaging:23.3.1] AndroidManifest.xml:62:17-82
124            <meta-data
124-->[com.google.firebase:firebase-installations:17.2.0] AndroidManifest.xml:15:13-17:85
125                android:name="com.google.firebase.components:com.google.firebase.installations.FirebaseInstallationsKtxRegistrar"
125-->[com.google.firebase:firebase-installations:17.2.0] AndroidManifest.xml:16:17-130
126                android:value="com.google.firebase.components.ComponentRegistrar" />
126-->[com.google.firebase:firebase-installations:17.2.0] AndroidManifest.xml:17:17-82
127            <meta-data
127-->[com.google.firebase:firebase-installations:17.2.0] AndroidManifest.xml:18:13-20:85
128                android:name="com.google.firebase.components:com.google.firebase.installations.FirebaseInstallationsRegistrar"
128-->[com.google.firebase:firebase-installations:17.2.0] AndroidManifest.xml:19:17-127
129                android:value="com.google.firebase.components.ComponentRegistrar" />
129-->[com.google.firebase:firebase-installations:17.2.0] AndroidManifest.xml:20:17-82
130            <meta-data
130-->[com.google.firebase:firebase-common-ktx:20.4.2] AndroidManifest.xml:12:13-14:85
131                android:name="com.google.firebase.components:com.google.firebase.ktx.FirebaseCommonLegacyRegistrar"
131-->[com.google.firebase:firebase-common-ktx:20.4.2] AndroidManifest.xml:13:17-116
132                android:value="com.google.firebase.components.ComponentRegistrar" />
132-->[com.google.firebase:firebase-common-ktx:20.4.2] AndroidManifest.xml:14:17-82
133            <meta-data
133-->[com.google.firebase:firebase-common:20.4.2] AndroidManifest.xml:35:13-37:85
134                android:name="com.google.firebase.components:com.google.firebase.FirebaseCommonKtxRegistrar"
134-->[com.google.firebase:firebase-common:20.4.2] AndroidManifest.xml:36:17-109
135                android:value="com.google.firebase.components.ComponentRegistrar" />
135-->[com.google.firebase:firebase-common:20.4.2] AndroidManifest.xml:37:17-82
136            <meta-data
136-->[com.google.firebase:firebase-datatransport:18.1.7] AndroidManifest.xml:27:13-29:85
137                android:name="com.google.firebase.components:com.google.firebase.datatransport.TransportRegistrar"
137-->[com.google.firebase:firebase-datatransport:18.1.7] AndroidManifest.xml:28:17-115
138                android:value="com.google.firebase.components.ComponentRegistrar" />
138-->[com.google.firebase:firebase-datatransport:18.1.7] AndroidManifest.xml:29:17-82
139        </service>
140
141        <activity
141-->[com.google.android.gms:play-services-base:18.0.1] AndroidManifest.xml:20:9-22:45
142            android:name="com.google.android.gms.common.api.GoogleApiActivity"
142-->[com.google.android.gms:play-services-base:18.0.1] AndroidManifest.xml:20:19-85
143            android:exported="false"
143-->[com.google.android.gms:play-services-base:18.0.1] AndroidManifest.xml:22:19-43
144            android:theme="@android:style/Theme.Translucent.NoTitleBar" />
144-->[com.google.android.gms:play-services-base:18.0.1] AndroidManifest.xml:21:19-78
145
146        <provider
146-->[com.google.firebase:firebase-common:20.4.2] AndroidManifest.xml:23:9-28:39
147            android:name="com.google.firebase.provider.FirebaseInitProvider"
147-->[com.google.firebase:firebase-common:20.4.2] AndroidManifest.xml:24:13-77
148            android:authorities="com.kidscallhome.app.firebaseinitprovider"
148-->[com.google.firebase:firebase-common:20.4.2] AndroidManifest.xml:25:13-72
149            android:directBootAware="true"
149-->[com.google.firebase:firebase-common:20.4.2] AndroidManifest.xml:26:13-43
150            android:exported="false"
150-->[com.google.firebase:firebase-common:20.4.2] AndroidManifest.xml:27:13-37
151            android:initOrder="100" />
151-->[com.google.firebase:firebase-common:20.4.2] AndroidManifest.xml:28:13-36
152        <provider
152-->[androidx.emoji2:emoji2:1.2.0] AndroidManifest.xml:24:9-32:20
153            android:name="androidx.startup.InitializationProvider"
153-->[androidx.emoji2:emoji2:1.2.0] AndroidManifest.xml:25:13-67
154            android:authorities="com.kidscallhome.app.androidx-startup"
154-->[androidx.emoji2:emoji2:1.2.0] AndroidManifest.xml:26:13-68
155            android:exported="false" >
155-->[androidx.emoji2:emoji2:1.2.0] AndroidManifest.xml:27:13-37
156            <meta-data
156-->[androidx.emoji2:emoji2:1.2.0] AndroidManifest.xml:29:13-31:52
157                android:name="androidx.emoji2.text.EmojiCompatInitializer"
157-->[androidx.emoji2:emoji2:1.2.0] AndroidManifest.xml:30:17-75
158                android:value="androidx.startup" />
158-->[androidx.emoji2:emoji2:1.2.0] AndroidManifest.xml:31:17-49
159            <meta-data
159-->[androidx.lifecycle:lifecycle-process:2.6.1] AndroidManifest.xml:29:13-31:52
160                android:name="androidx.lifecycle.ProcessLifecycleInitializer"
160-->[androidx.lifecycle:lifecycle-process:2.6.1] AndroidManifest.xml:30:17-78
161                android:value="androidx.startup" />
161-->[androidx.lifecycle:lifecycle-process:2.6.1] AndroidManifest.xml:31:17-49
162            <meta-data
162-->[androidx.profileinstaller:profileinstaller:1.3.0] AndroidManifest.xml:29:13-31:52
163                android:name="androidx.profileinstaller.ProfileInstallerInitializer"
163-->[androidx.profileinstaller:profileinstaller:1.3.0] AndroidManifest.xml:30:17-85
164                android:value="androidx.startup" />
164-->[androidx.profileinstaller:profileinstaller:1.3.0] AndroidManifest.xml:31:17-49
165        </provider>
166
167        <meta-data
167-->[com.google.android.gms:play-services-basement:18.1.0] AndroidManifest.xml:21:9-23:69
168            android:name="com.google.android.gms.version"
168-->[com.google.android.gms:play-services-basement:18.1.0] AndroidManifest.xml:22:13-58
169            android:value="@integer/google_play_services_version" />
169-->[com.google.android.gms:play-services-basement:18.1.0] AndroidManifest.xml:23:13-66
170
171        <service
171-->[com.google.android.datatransport:transport-backend-cct:3.1.8] AndroidManifest.xml:28:9-34:19
172            android:name="com.google.android.datatransport.runtime.backends.TransportBackendDiscovery"
172-->[com.google.android.datatransport:transport-backend-cct:3.1.8] AndroidManifest.xml:29:13-103
173            android:exported="false" >
173-->[com.google.android.datatransport:transport-backend-cct:3.1.8] AndroidManifest.xml:30:13-37
174            <meta-data
174-->[com.google.android.datatransport:transport-backend-cct:3.1.8] AndroidManifest.xml:31:13-33:39
175                android:name="backend:com.google.android.datatransport.cct.CctBackendFactory"
175-->[com.google.android.datatransport:transport-backend-cct:3.1.8] AndroidManifest.xml:32:17-94
176                android:value="cct" />
176-->[com.google.android.datatransport:transport-backend-cct:3.1.8] AndroidManifest.xml:33:17-36
177        </service>
178        <service
178-->[com.google.android.datatransport:transport-runtime:3.1.8] AndroidManifest.xml:26:9-30:19
179            android:name="com.google.android.datatransport.runtime.scheduling.jobscheduling.JobInfoSchedulerService"
179-->[com.google.android.datatransport:transport-runtime:3.1.8] AndroidManifest.xml:27:13-117
180            android:exported="false"
180-->[com.google.android.datatransport:transport-runtime:3.1.8] AndroidManifest.xml:28:13-37
181            android:permission="android.permission.BIND_JOB_SERVICE" >
181-->[com.google.android.datatransport:transport-runtime:3.1.8] AndroidManifest.xml:29:13-69
182        </service>
183
184        <receiver
184-->[com.google.android.datatransport:transport-runtime:3.1.8] AndroidManifest.xml:32:9-34:40
185            android:name="com.google.android.datatransport.runtime.scheduling.jobscheduling.AlarmManagerSchedulerBroadcastReceiver"
185-->[com.google.android.datatransport:transport-runtime:3.1.8] AndroidManifest.xml:33:13-132
186            android:exported="false" />
186-->[com.google.android.datatransport:transport-runtime:3.1.8] AndroidManifest.xml:34:13-37
187        <receiver
187-->[androidx.profileinstaller:profileinstaller:1.3.0] AndroidManifest.xml:34:9-52:20
188            android:name="androidx.profileinstaller.ProfileInstallReceiver"
188-->[androidx.profileinstaller:profileinstaller:1.3.0] AndroidManifest.xml:35:13-76
189            android:directBootAware="false"
189-->[androidx.profileinstaller:profileinstaller:1.3.0] AndroidManifest.xml:36:13-44
190            android:enabled="true"
190-->[androidx.profileinstaller:profileinstaller:1.3.0] AndroidManifest.xml:37:13-35
191            android:exported="true"
191-->[androidx.profileinstaller:profileinstaller:1.3.0] AndroidManifest.xml:38:13-36
192            android:permission="android.permission.DUMP" >
192-->[androidx.profileinstaller:profileinstaller:1.3.0] AndroidManifest.xml:39:13-57
193            <intent-filter>
193-->[androidx.profileinstaller:profileinstaller:1.3.0] AndroidManifest.xml:40:13-42:29
194                <action android:name="androidx.profileinstaller.action.INSTALL_PROFILE" />
194-->[androidx.profileinstaller:profileinstaller:1.3.0] AndroidManifest.xml:41:17-91
194-->[androidx.profileinstaller:profileinstaller:1.3.0] AndroidManifest.xml:41:25-88
195            </intent-filter>
196            <intent-filter>
196-->[androidx.profileinstaller:profileinstaller:1.3.0] AndroidManifest.xml:43:13-45:29
197                <action android:name="androidx.profileinstaller.action.SKIP_FILE" />
197-->[androidx.profileinstaller:profileinstaller:1.3.0] AndroidManifest.xml:44:17-85
197-->[androidx.profileinstaller:profileinstaller:1.3.0] AndroidManifest.xml:44:25-82
198            </intent-filter>
199            <intent-filter>
199-->[androidx.profileinstaller:profileinstaller:1.3.0] AndroidManifest.xml:46:13-48:29
200                <action android:name="androidx.profileinstaller.action.SAVE_PROFILE" />
200-->[androidx.profileinstaller:profileinstaller:1.3.0] AndroidManifest.xml:47:17-88
200-->[androidx.profileinstaller:profileinstaller:1.3.0] AndroidManifest.xml:47:25-85
201            </intent-filter>
202            <intent-filter>
202-->[androidx.profileinstaller:profileinstaller:1.3.0] AndroidManifest.xml:49:13-51:29
203                <action android:name="androidx.profileinstaller.action.BENCHMARK_OPERATION" />
203-->[androidx.profileinstaller:profileinstaller:1.3.0] AndroidManifest.xml:50:17-95
203-->[androidx.profileinstaller:profileinstaller:1.3.0] AndroidManifest.xml:50:25-92
204            </intent-filter>
205        </receiver>
206    </application>
207
208</manifest>